<?xml version="1.0" encoding="UTF-8"?>
<testng-results skipped="0" failed="0" total="1" passed="1">
  <reporter-output>
  </reporter-output>
  <suite name="Tests" duration-ms="6883" started-at="2017-05-11T14:28:12Z" finished-at="2017-05-11T14:28:18Z">
    <groups>
    </groups>
    <test name="Test1" duration-ms="6883" started-at="2017-05-11T14:28:12Z" finished-at="2017-05-11T14:28:18Z">
      <class name="com.learning.selenium.HelloWorldTest">
        <test-method status="PASS" signature="initalize()[pri:0, instance:com.learning.selenium.HelloWorldTest@6bdf28bb]" name="initalize" is-config="true" duration-ms="4853" started-at="2017-05-11T19:58:12Z" finished-at="2017-05-11T19:58:16Z">
          <reporter-output>
          </reporter-output>
        </test-method> <!-- initalize -->
        <test-method status="PASS" signature="googleHelloWorldTest()[pri:0, instance:com.learning.selenium.HelloWorldTest@6bdf28bb]" name="googleHelloWorldTest" duration-ms="1991" started-at="2017-05-11T19:58:16Z" finished-at="2017-05-11T19:58:18Z">
          <reporter-output>
          </reporter-output>
        </test-method> <!-- googleHelloWorldTest -->
        <test-method status="PASS" signature="tearDown()[pri:0, instance:com.learning.selenium.HelloWorldTest@6bdf28bb]" name="tearDown" is-config="true" duration-ms="1" started-at="2017-05-11T19:58:18Z" finished-at="2017-05-11T19:58:18Z">
          <reporter-output>
          </reporter-output>
        </test-method> <!-- tearDown -->
      </class> <!-- com.learning.selenium.HelloWorldTest -->
    </test> <!-- Test1 -->
  </suite> <!-- Tests -->
</testng-results>
