<?xml version="1.0" encoding="UTF-8"?>
<testng-results skipped="1" failed="0" total="1" passed="0">
  <reporter-output>
  </reporter-output>
  <suite name="Tests" duration-ms="85" started-at="2017-05-11T09:25:19Z" finished-at="2017-05-11T09:25:19Z">
    <groups>
    </groups>
    <test name="Test1" duration-ms="85" started-at="2017-05-11T09:25:19Z" finished-at="2017-05-11T09:25:19Z">
      <class name="com.learning.selenium.SampleTestNgTest">
        <test-method status="PASS" signature="initTestSuite()[pri:0, instance:com.learning.selenium.SampleTestNgTest@2c8d66b2]" name="initTestSuite" is-config="true" duration-ms="82" started-at="2017-05-11T14:55:18Z" finished-at="2017-05-11T14:55:19Z">
          <reporter-output>
          </reporter-output>
        </test-method> <!-- initTestSuite -->
        <test-method status="FAIL" signature="initWebDriver()[pri:0, instance:com.learning.selenium.SampleTestNgTest@2c8d66b2]" name="initWebDriver" is-config="true" duration-ms="0" started-at="2017-05-11T14:55:19Z" finished-at="2017-05-11T14:55:19Z">
          <exception class="ru.stqa.selenium.factory.DriverCreationError">
            <message>
              <![CDATA[java.net.MalformedURLException]]>
            </message>
            <full-stacktrace>
              <![CDATA[ru.stqa.selenium.factory.DriverCreationError: java.net.MalformedURLException
	at ru.stqa.selenium.factory.WebDriverPool.getDriver(WebDriverPool.java:87)
	at com.learning.selenium.TestNgTestBase.initWebDriver(TestNgTestBase.java:39)
	at sun.reflect.NativeMethodAccessorImpl.invoke0(Native Method)
	at sun.reflect.NativeMethodAccessorImpl.invoke(NativeMethodAccessorImpl.java:62)
	at sun.reflect.DelegatingMethodAccessorImpl.invoke(DelegatingMethodAccessorImpl.java:43)
	at java.lang.reflect.Method.invoke(Method.java:483)
	at org.testng.internal.MethodInvocationHelper.invokeMethod(MethodInvocationHelper.java:85)
	at org.testng.internal.Invoker.invokeConfigurationMethod(Invoker.java:517)
	at org.testng.internal.Invoker.invokeConfigurations(Invoker.java:213)
	at org.testng.internal.Invoker.invokeMethod(Invoker.java:601)
	at org.testng.internal.Invoker.invokeTestMethod(Invoker.java:845)
	at org.testng.internal.Invoker.invokeTestMethods(Invoker.java:1153)
	at org.testng.internal.TestMethodWorker.invokeTestMethods(TestMethodWorker.java:124)
	at org.testng.internal.TestMethodWorker.run(TestMethodWorker.java:108)
	at org.testng.TestRunner.privateRun(TestRunner.java:771)
	at org.testng.TestRunner.run(TestRunner.java:621)
	at org.testng.SuiteRunner.runTest(SuiteRunner.java:357)
	at org.testng.SuiteRunner.runSequentially(SuiteRunner.java:352)
	at org.testng.SuiteRunner.privateRun(SuiteRunner.java:310)
	at org.testng.SuiteRunner.run(SuiteRunner.java:259)
	at org.testng.SuiteRunnerWorker.runSuite(SuiteRunnerWorker.java:52)
	at org.testng.SuiteRunnerWorker.run(SuiteRunnerWorker.java:86)
	at org.testng.TestNG.runSuitesSequentially(TestNG.java:1199)
	at org.testng.TestNG.runSuitesLocally(TestNG.java:1124)
	at org.testng.TestNG.run(TestNG.java:1032)
	at org.testng.remote.RemoteTestNG.run(RemoteTestNG.java:111)
	at org.testng.remote.RemoteTestNG.initAndRun(RemoteTestNG.java:204)
	at org.testng.remote.RemoteTestNG.main(RemoteTestNG.java:175)
Caused by: java.net.MalformedURLException
	at java.net.URL.<init>(URL.java:620)
	at java.net.URL.<init>(URL.java:483)
	at java.net.URL.<init>(URL.java:432)
	at ru.stqa.selenium.factory.WebDriverPool.getDriver(WebDriverPool.java:85)
	... 27 more
Caused by: java.lang.NullPointerException
	at java.net.URL.<init>(URL.java:525)
	... 30 more
]]>
            </full-stacktrace>
          </exception> <!-- ru.stqa.selenium.factory.DriverCreationError -->
          <reporter-output>
          </reporter-output>
        </test-method> <!-- initWebDriver -->
        <test-method status="SKIP" signature="initPageObjects()[pri:0, instance:com.learning.selenium.SampleTestNgTest@2c8d66b2]" name="initPageObjects" is-config="true" duration-ms="0" started-at="2017-05-11T14:55:19Z" finished-at="2017-05-11T14:55:19Z">
          <reporter-output>
          </reporter-output>
        </test-method> <!-- initPageObjects -->
        <test-method status="SKIP" signature="testHomePageHasAHeader()[pri:0, instance:com.learning.selenium.SampleTestNgTest@2c8d66b2]" name="testHomePageHasAHeader" duration-ms="1" started-at="2017-05-11T14:55:19Z" finished-at="2017-05-11T14:55:19Z">
          <reporter-output>
          </reporter-output>
        </test-method> <!-- testHomePageHasAHeader -->
        <test-method status="PASS" signature="tearDown()[pri:0, instance:com.learning.selenium.SampleTestNgTest@2c8d66b2]" name="tearDown" is-config="true" duration-ms="1" started-at="2017-05-11T14:55:19Z" finished-at="2017-05-11T14:55:19Z">
          <reporter-output>
          </reporter-output>
        </test-method> <!-- tearDown -->
      </class> <!-- com.learning.selenium.SampleTestNgTest -->
    </test> <!-- Test1 -->
  </suite> <!-- Tests -->
</testng-results>
